<?xml version="1.0" encoding="utf-8"?><testsuites name="pytest tests"><testsuite name="pytest" errors="0" failures="0" skipped="0" tests="4" time="0.814" timestamp="2026-02-06T09:41:52.907724-03:00" hostname="pc"><testcase classname="tests.test_health" name="test_health" time="0.006" /><testcase classname="tests.test_metrics" name="test_metrics_endpoint_exposes_prometheus_text" time="0.004" /><testcase classname="tests.test_reports_unit" name="test_unpaid_invoices_unit" time="0.117" /><testcase classname="tests.test_reports_unit" name="test_account_activity_unit" time="0.004" /></testsuite></testsuites>